2025-12-05 17:43:53,686 | INFO     | === ЗАПУСК ПРИЛОЖЕНИЯ ===
2025-12-05 17:43:57,852 | INFO     | Начата загрузка изображения: C:\Users\МВидео\Pictures\ded.jpg
2025-12-05 17:43:57,928 | INFO     | Успешно загружено: ded.jpg (1000x1244)
2025-12-05 17:44:00,397 | INFO     | Применена яркость: 0.90
2025-12-05 17:44:00,903 | INFO     | Применена яркость: 0.65
2025-12-05 17:44:02,715 | INFO     | Применена яркость: 2.15
2025-12-05 17:44:03,513 | INFO     | Применена яркость: 2.15
2025-12-05 17:44:03,537 | INFO     | Применён контраст: 0.41
2025-12-05 17:44:04,042 | INFO     | Применена яркость: 2.15
2025-12-05 17:44:04,067 | INFO     | Применён контраст: 1.30
2025-12-05 17:44:04,524 | INFO     | Применена яркость: 2.15
2025-12-05 17:44:04,545 | INFO     | Применён контраст: 0.48
2025-12-05 17:44:08,146 | INFO     | Применена яркость: 2.15
2025-12-05 17:44:08,169 | INFO     | Применён контраст: 0.48
2025-12-05 17:44:08,203 | INFO     | Изменён размер: 999×1243
2025-12-05 17:44:08,420 | INFO     | Применена яркость: 2.15
2025-12-05 17:44:08,444 | INFO     | Применён контраст: 0.48
2025-12-05 17:44:08,478 | INFO     | Изменён размер: 998×1242
2025-12-05 17:44:10,281 | INFO     | Применена яркость: 2.15
2025-12-05 17:44:10,302 | INFO     | Применён контраст: 0.48
2025-12-05 17:44:10,327 | INFO     | Изменён размер: 482×600
2025-12-05 17:44:12,845 | INFO     | Применена яркость: 2.15
2025-12-05 17:44:12,867 | INFO     | Применён контраст: 0.48
2025-12-05 17:44:12,892 | INFO     | Изменён размер: 482×600
2025-12-05 17:44:14,923 | INFO     | Применена яркость: 2.15
2025-12-05 17:44:14,944 | INFO     | Применён контраст: 0.48
2025-12-05 17:44:14,969 | INFO     | Изменён размер: 482×700
2025-12-05 17:44:29,425 | INFO     | Изображение сохранено: 1000.png
2025-12-05 17:44:33,838 | INFO     | === ЗАВЕРШЕНИЕ РАБОТЫ ПРИЛОЖЕНИЯ ===

2025-12-05 18:46:26,842 | INFO     | Начата загрузка изображения: C:\Users\МВидео\Pictures\рисунки\processed_image.jpg
2025-12-05 18:46:26,902 | INFO     | Успешно загружено: processed_image.jpg
2025-12-05 18:46:31,721 | INFO     | Применён контраст: 1.79
2025-12-05 18:46:32,552 | INFO     | Применён контраст: 0.62
2025-12-05 18:46:33,065 | INFO     | Применена яркость: 1.10
2025-12-05 18:46:33,086 | INFO     | Применён контраст: 0.62
2025-12-05 18:46:35,191 | INFO     | Применена яркость: 0.96
2025-12-05 18:46:35,212 | INFO     | Применён контраст: 0.62
2025-12-05 18:46:35,661 | INFO     | Применена яркость: 1.06
2025-12-05 18:46:35,682 | INFO     | Применён контраст: 0.62
2025-12-05 18:46:37,309 | INFO     | Применена яркость: 0.54
2025-12-05 18:46:37,331 | INFO     | Применён контраст: 0.62
2025-12-05 18:46:38,255 | INFO     | Применена яркость: 1.55
2025-12-05 18:46:38,277 | INFO     | Применён контраст: 0.62
2025-12-05 18:46:38,702 | INFO     | Применена яркость: 0.66
2025-12-05 18:46:38,724 | INFO     | Применён контраст: 0.62
2025-12-05 18:46:39,388 | INFO     | Применена яркость: 0.66
2025-12-05 18:46:39,415 | INFO     | Применён контраст: 1.88
2025-12-05 18:46:40,407 | INFO     | Применена яркость: 0.66
2025-12-05 18:46:40,433 | INFO     | Применён контраст: 2.45
2025-12-05 18:46:40,994 | INFO     | Применена яркость: 0.56
2025-12-05 18:46:41,020 | INFO     | Применён контраст: 2.45
2025-12-05 18:46:41,758 | INFO     | Применена яркость: 0.46
2025-12-05 18:46:41,785 | INFO     | Применён контраст: 2.45
2025-12-05 18:46:44,014 | INFO     | Применена яркость: 0.46
2025-12-05 18:46:44,039 | INFO     | Применён контраст: 2.45
2025-12-05 18:46:44,054 | INFO     | Изменён размер: 4×6
2025-12-05 18:46:44,387 | INFO     | Применена яркость: 0.46
2025-12-05 18:46:44,412 | INFO     | Применён контраст: 2.45
2025-12-05 18:46:44,430 | INFO     | Изменён размер: 49×62
2025-12-05 18:46:44,777 | INFO     | Применена яркость: 0.46
2025-12-05 18:46:44,803 | INFO     | Применён контраст: 2.45
2025-12-05 18:46:44,829 | INFO     | Изменён размер: 500×622
2025-12-05 18:46:55,131 | INFO     | Изображение сохранено: processed_ima3ge.jpg
2025-12-05 18:47:07,448 | INFO     | === ЗАВЕРШЕНИЕ РАБОТЫ ПРИЛОЖЕНИЯ ===
2025-12-05 18:47:07,482 | INFO     | === ПРИЛОЖЕНИЕ ЗАКРЫТО ===
